build/app/outputs/mapping/release/usage.txt
br.com.adelmoaquino.contador_pessoas.R
br.com.adelmoaquino.contador_pessoas.R$drawable
br.com.adelmoaquino.contador_pessoas.R$integer
br.com.adelmoaquino.contador_pessoas.R$color
br.com.adelmoaquino.contador_pessoas.R$mipmap
br.com.adelmoaquino.contador_pessoas.R$style
br.com.adelmoaquino.contador_pessoas.R$dimen
br.com.adelmoaquino.contador_pessoas.BuildConfig
br.com.adelmoaquino.contador_pessoas.R$id
br.com.adelmoaquino.contador_pessoas.R$styleable
br.com.adelmoaquino.contador_pessoas.R$attr
br.com.adelmoaquino.contador_pessoas.R$string
br.com.adelmoaquino.contador_pessoas.R$layout
...
androidx.core.provider.FontsContractCompat$4$2
androidx.fragment.R$styleable
org.checkerframework.checker.nullness.compatqual.MonotonicNonNullType
com.google.common.hash.Murmur3_128HashFunction$Murmur3_128Hasher
com.google.common.reflect.Types$ClassOwnership$1LocalClass
androidx.collection.SimpleArrayMap:
    public void <init>(int)
    public void <init>(androidx.collection.SimpleArrayMap)
    public void putAll(androidx.collection.SimpleArrayMap)
    private static final boolean DEBUG
    private static final java.lang.String TAG
    private static final boolean CONCURRENT_MODIFICATION_EXCEPTIONS
    private static final int BASE_SIZE
    private static final int CACHE_SIZE
androidx.core.graphics.TypefaceCompat
com.google.common.collect.EnumMultiset
javax.annotation.CheckReturnValue
com.google.common.collect.ByFunctionOrdering
com.google.common.hash.LittleEndianByteArray$JavaLittleEndianBytes$1
com.google.common.base.Predicates$OrPredicate
androidx.viewpager.R$integer
com.google.common.collect.Range
com.google.common.util.concurrent.ExecutionSequencer$RunningState
com.google.common.collect.AbstractMapBasedMultimap$RandomAccessWrappedList
com.google.common.reflect.Reflection
io.flutter.plugin.editing.ListenableEditingState:
    private static final java.lang.String TAG
androidx.core.text.util.LinkifyCompat$LinkifyMask
com.google.common.base.Ascii
com.google.common.graph.AbstractBaseGraph$IncidentEdgeSet$Directed$1
com.google.common.collect.MapMakerInternalMap$WeakKeyDummyValueEntry
com.google.common.math.LongMath$MillerRabinTester$1
com.google.common.math.DoubleMath$1
androidx.core.accessibilityservice.AccessibilityServiceInfoCompat
androidx.core.provider.FontsContractCompat$TypefaceResult
androidx.core.app.ComponentActivity:
    public void <init>()
    public void putExtraData(androidx.core.app.ComponentActivity$ExtraData)
    protected void onCreate(android.os.Bundle)
    protected void onSaveInstanceState(android.os.Bundle)
    public androidx.core.app.ComponentActivity$ExtraData getExtraData(java.lang.Class)
    public androidx.lifecycle.Lifecycle getLifecycle()
    public boolean superDispatchKeyEvent(android.view.KeyEvent)
    public boolean dispatchKeyShortcutEvent(android.view.KeyEvent)
    public boolean dispatchKeyEvent(android.view.KeyEvent)
    private androidx.collection.SimpleArrayMap mExtraDataMap
    private androidx.lifecycle.LifecycleRegistry mLifecycleRegistry
androidx.core.view.ScrollingView
com.google.common.base.CharMatcher$Any
com.google.common.cache.LocalCache$Segment$1
androidx.core.widget.NestedScrollView$SavedState$1
com.google.common.collect.SortedLists$KeyPresentBehavior$3
com.google.common.io.ByteSource$AsCharSource
androidx.lifecycle.MediatorLiveData$Source
com.google.common.util.concurrent.SequentialExecutor$QueueWorker
androidx.activity.OnBackPressedCallback:
    public void <init>(boolean)
    public final void setEnabled(boolean)
    public final boolean isEnabled()
    public final void remove()
    public abstract void handleOnBackPressed()
    void addCancellable(androidx.activity.Cancellable)
    private boolean mEnabled
    private java.util.concurrent.CopyOnWriteArrayList mCancellables
com.google.common.base.Suppliers$ExpiringMemoizingSupplier
androidx.savedstate.Recreator:
    void <init>(androidx.savedstate.SavedStateRegistryOwner)
    static final java.lang.String CLASSES_KEY
    static final java.lang.String COMPONENT_KEY
com.google.common.hash.PrimitiveSink
com.google.common.io.Files$FilePredicate
androidx.core.view.accessibility.AccessibilityManagerCompat
androidx.core.view.GestureDetectorCompat$GestureDetectorCompatImplJellybeanMr2
com.google.common.base.Splitter$SplittingIterator
com.google.common.collect.Multimaps$MapMultimap$1
com.google.common.util.concurrent.MoreExecutors$5
io.flutter.embedding.engine.loader.ApplicationInfoLoader:
    public void <init>()
    public static final java.lang.String NETWORK_POLICY_METADATA_KEY
com.google.common.cache.CacheBuilder$2